<?xml version="1.0" encoding="UTF-8"?>
<!-- Generated by org.testng.reporters.JUnitXMLReporter -->
<testsuite ignored="0" hostname="DESKTOP-VOQ2BUF" failures="2" tests="6" name="Test" time="0.161" errors="0" timestamp="2022-02-03T12:34:11 IST">
  <testcase classname="sample.DemoTest2" name="testcase_005" time="0.019">
    <failure type="java.lang.AssertionError" message="expected [true] but found [false]">
      <![CDATA[java.lang.AssertionError: expected [true] but found [false]
at sample.DemoTest2.testcase_005(DemoTest2.java:15)
at java.base/java.util.ArrayList.forEach(ArrayList.java:1511)
... Removed 31 stack frames]]>
    </failure>
  </testcase> <!-- testcase_005 -->
  <testcase classname="sample.DemoTest2" name="testcase_004" time="0.002"/>
  <testcase classname="sample.DemoTest2" name="testcase_006" time="0.0">
    <skipped/>
  </testcase> <!-- testcase_006 -->
  <testcase classname="sample.DemoTest1" name="testcase_001" time="0.001"/>
  <testcase classname="sample.DemoTest1" name="testcase_002" time="0.001">
    <failure type="java.lang.AssertionError" message="expected [true] but found [false]">
      <![CDATA[java.lang.AssertionError: expected [true] but found [false]
at sample.DemoTest1.testcase_002(DemoTest1.java:16)
at java.base/java.util.ArrayList.forEach(ArrayList.java:1511)
... Removed 31 stack frames]]>
    </failure>
  </testcase> <!-- testcase_002 -->
  <testcase classname="sample.DemoTest1" name="testcase_003" time="0.002"/>
</testsuite> <!-- Test -->
