<?xml version="1.0" encoding="UTF-8"?>
<!-- Generated by org.testng.reporters.JUnitXMLReporter -->
<testsuite hostname="DESKTOP-VOQ2BUF" ignored="0" name="Test" tests="6" failures="2" timestamp="2022-02-03T12:35:11 IST" time="0.132" errors="0">
  <testcase name="testcase_005" time="0.029" classname="sample.DemoTest2">
    <failure type="java.lang.AssertionError" message="expected [true] but found [false]">
      <![CDATA[java.lang.AssertionError: expected [true] but found [false]
at sample.DemoTest2.testcase_005(DemoTest2.java:15)
at java.util.ArrayList.forEach(Unknown Source)
... Removed 35 stack frames]]>
    </failure>
  </testcase> <!-- testcase_005 -->
  <testcase name="testcase_004" time="0.0" classname="sample.DemoTest2"/>
  <testcase name="testcase_006" time="0.0" classname="sample.DemoTest2">
    <skipped/>
  </testcase> <!-- testcase_006 -->
  <testcase name="testcase_001" time="0.0" classname="sample.DemoTest1"/>
  <testcase name="testcase_002" time="0.002" classname="sample.DemoTest1">
    <failure type="java.lang.AssertionError" message="expected [true] but found [false]">
      <![CDATA[java.lang.AssertionError: expected [true] but found [false]
at sample.DemoTest1.testcase_002(DemoTest1.java:16)
at java.util.ArrayList.forEach(Unknown Source)
... Removed 35 stack frames]]>
    </failure>
  </testcase> <!-- testcase_002 -->
  <testcase name="testcase_003" time="0.001" classname="sample.DemoTest1"/>
</testsuite> <!-- Test -->
